2025-03-31 16:17:20.305 [11980] main/105/- main.cc:498 I> Tarantool 3.3.1-0-g91caac353f6 Linux-x86_64-RelWithDebInfo
2025-03-31 16:17:20.305 [11980] main/105/- main.cc:500 I> log level 5 (INFO)
2025-03-31 16:17:20.305 [11980] main/105/- gc.c:131 I> wal/engine cleanup is paused
2025-03-31 16:17:20.312 [11980] main/105/- tuple.c:411 I> mapping 268435456 bytes for memtx tuple arena...
2025-03-31 16:17:20.312 [11980] main/105/- memtx_engine.cc:1750 I> Actual slab_alloc_factor calculated on the basis of desired slab_alloc_factor = 1.044274
2025-03-31 16:17:20.314 [11980] main/105/- tuple.c:411 I> mapping 134217728 bytes for vinyl tuple arena...
2025-03-31 16:17:20.346 [11980] main/105/- box.cc:2274 I> update replication_synchro_quorum = 1
2025-03-31 16:17:20.346 [11980] main/105/- box.cc:3329 I> The option replication_synchro_queue_max_size will actually take effect after the recovery is finished
2025-03-31 16:17:20.346 [11980] main/105/- box.cc:5439 I> instance uuid f620d251-ef11-4e10-a662-a33b3f7ffe30
2025-03-31 16:17:20.348 [11980] main/105/- evio.c:269 I> tx_binary: bound to 0.0.0.0:3031
2025-03-31 16:17:20.349 [11980] main/105/- memtx_engine.cc:718 I> initializing an empty data directory
2025-03-31 16:17:20.408 [11980] main/105/- replication.cc:564 I> assigned id 1 to replica f620d251-ef11-4e10-a662-a33b3f7ffe30
2025-03-31 16:17:20.408 [11980] main/105/- box.cc:2274 I> update replication_synchro_quorum = 1
2025-03-31 16:17:20.408 [11980] main/105/- alter.cc:4163 I> replicaset uuid 6cc51c90-1e1c-4158-aa15-8c08ae47370b
2025-03-31 16:17:20.416 [11980] snapshot/101/main memtx_engine.cc:1063 I> saving snapshot `/home/coffeek/tasks/VK/instances.enabled/kv/var/lib/kv/00000000000000000000.snap.inprogress'
2025-03-31 16:17:20.424 [11980] snapshot/101/main memtx_engine.cc:1165 I> done
2025-03-31 16:17:20.425 [11980] main/105/- box.cc:5936 I> ready to accept requests
2025-03-31 16:17:20.425 [11980] main/107/gc gc.c:319 I> wal/engine cleanup is resumed
2025-03-31 16:17:20.425 [11980] main/105/-/box.load_cfg load_cfg.lua:942 I> set 'log' configuration option to "text.log"
2025-03-31 16:17:20.425 [11980] main/105/-/box.load_cfg load_cfg.lua:942 I> set 'listen' configuration option to "3031"
2025-03-31 16:17:20.425 [11980] main/108/checkpoint_daemon gc.c:643 I> scheduled next checkpoint for Mon Mar 31 18:03:58 2025
2025-03-31 16:17:20.427 [11980] main/105/-/tarantool stdin:327 E> Failed to run instance: /home/coffeek/tasks/VK/instances.enabled/kv.lua, error: "/usr/share/lua/5.1/http/server.lua:290: missing 'onstream'"
2025-03-31 16:17:20.432 [11980] main/106/console/unix/:./tarantool.control/socket socket.lua:1168 I> stopped
2025-03-31 16:17:20.432 [11980] main/118/iproto.shutdown evio.c:516 I> tx_binary: stopped
2025-03-31 16:18:16.119 [12499] main/105/- main.cc:498 I> Tarantool 3.3.1-0-g91caac353f6 Linux-x86_64-RelWithDebInfo
2025-03-31 16:18:16.119 [12499] main/105/- main.cc:500 I> log level 5 (INFO)
2025-03-31 16:18:16.119 [12499] main/105/- gc.c:131 I> wal/engine cleanup is paused
2025-03-31 16:18:16.128 [12499] main/105/- tuple.c:411 I> mapping 268435456 bytes for memtx tuple arena...
2025-03-31 16:18:16.128 [12499] main/105/- memtx_engine.cc:1750 I> Actual slab_alloc_factor calculated on the basis of desired slab_alloc_factor = 1.044274
2025-03-31 16:18:16.128 [12499] main/105/- tuple.c:411 I> mapping 134217728 bytes for vinyl tuple arena...
2025-03-31 16:18:16.135 [12499] main/105/-/box.upgrade upgrade.lua:1591 I> Recovering snapshot with schema version 3.3.0
2025-03-31 16:18:16.156 [12499] main/105/- box.cc:2274 I> update replication_synchro_quorum = 1
2025-03-31 16:18:16.157 [12499] main/105/- box.cc:3329 I> The option replication_synchro_queue_max_size will actually take effect after the recovery is finished
2025-03-31 16:18:16.157 [12499] main/105/- box.cc:5524 I> instance uuid f620d251-ef11-4e10-a662-a33b3f7ffe30
2025-03-31 16:18:16.157 [12499] main/105/- box.cc:5553 I> instance vclock {1: 2}
2025-03-31 16:18:16.158 [12499] main/105/- evio.c:269 I> tx_binary: bound to 0.0.0.0:3031
2025-03-31 16:18:16.161 [12499] main/105/- memtx_engine.cc:286 I> recovery start
2025-03-31 16:18:16.161 [12499] main/105/- memtx_engine.cc:291 I> recovering from `/home/coffeek/tasks/VK/instances.enabled/kv/var/lib/kv/00000000000000000000.snap'
2025-03-31 16:18:16.186 [12499] main/105/- alter.cc:4163 I> replicaset uuid 6cc51c90-1e1c-4158-aa15-8c08ae47370b
2025-03-31 16:18:16.210 [12499] main/105/- replication.cc:564 I> assigned id 1 to replica f620d251-ef11-4e10-a662-a33b3f7ffe30
2025-03-31 16:18:16.210 [12499] main/105/- box.cc:2274 I> update replication_synchro_quorum = 1
2025-03-31 16:18:16.210 [12499] main/105/- recovery.cc:370 I> recover from `/home/coffeek/tasks/VK/instances.enabled/kv/var/lib/kv/00000000000000000000.xlog'
2025-03-31 16:18:16.210 [12499] main/105/- recovery.cc:159 I> done `/home/coffeek/tasks/VK/instances.enabled/kv/var/lib/kv/00000000000000000000.xlog'
2025-03-31 16:18:16.211 [12499] main/105/- recovery.cc:370 I> recover from `/home/coffeek/tasks/VK/instances.enabled/kv/var/lib/kv/00000000000000000002.xlog'
2025-03-31 16:18:16.211 [12499] main/105/- recovery.cc:159 I> done `/home/coffeek/tasks/VK/instances.enabled/kv/var/lib/kv/00000000000000000002.xlog'
2025-03-31 16:18:16.212 [12499] main/105/- box.cc:5936 I> ready to accept requests
2025-03-31 16:18:16.212 [12499] main/105/- box.cc:588 I> leaving orphan mode
2025-03-31 16:18:16.212 [12499] main/107/gc gc.c:319 I> wal/engine cleanup is resumed
2025-03-31 16:18:16.212 [12499] main/105/-/box.load_cfg load_cfg.lua:942 I> set 'log' configuration option to "text.log"
2025-03-31 16:18:16.212 [12499] main/105/-/box.load_cfg load_cfg.lua:942 I> set 'listen' configuration option to "3031"
2025-03-31 16:18:16.212 [12499] main/108/checkpoint_daemon gc.c:643 I> scheduled next checkpoint for Mon Mar 31 17:28:25 2025
2025-03-31 16:18:16.218 [12499] main/105/-/tarantool stdin:327 E> Failed to run instance: /home/coffeek/tasks/VK/instances.enabled/kv.lua, error: "/usr/share/lua/5.1/http/server.lua:290: missing 'onstream'"
2025-03-31 16:18:16.223 [12499] main/106/console/unix/:./tarantool.control/socket socket.lua:1168 I> stopped
2025-03-31 16:18:16.223 [12499] main/118/iproto.shutdown evio.c:516 I> tx_binary: stopped
2025-03-31 16:20:48.059 [14403] main/105/- main.cc:498 I> Tarantool 3.3.1-0-g91caac353f6 Linux-x86_64-RelWithDebInfo
2025-03-31 16:20:48.059 [14403] main/105/- main.cc:500 I> log level 5 (INFO)
2025-03-31 16:20:48.059 [14403] main/105/- gc.c:131 I> wal/engine cleanup is paused
2025-03-31 16:20:48.063 [14403] main/105/- tuple.c:411 I> mapping 268435456 bytes for memtx tuple arena...
2025-03-31 16:20:48.064 [14403] main/105/- memtx_engine.cc:1750 I> Actual slab_alloc_factor calculated on the basis of desired slab_alloc_factor = 1.044274
2025-03-31 16:20:48.064 [14403] main/105/- tuple.c:411 I> mapping 134217728 bytes for vinyl tuple arena...
2025-03-31 16:20:48.068 [14403] main/105/-/box.upgrade upgrade.lua:1591 I> Recovering snapshot with schema version 3.3.0
2025-03-31 16:20:48.094 [14403] main/105/- box.cc:2274 I> update replication_synchro_quorum = 1
2025-03-31 16:20:48.094 [14403] main/105/- box.cc:3329 I> The option replication_synchro_queue_max_size will actually take effect after the recovery is finished
2025-03-31 16:20:48.094 [14403] main/105/- box.cc:5524 I> instance uuid f620d251-ef11-4e10-a662-a33b3f7ffe30
2025-03-31 16:20:48.094 [14403] main/105/- box.cc:5553 I> instance vclock {1: 2}
2025-03-31 16:20:48.095 [14403] main/105/- evio.c:269 I> tx_binary: bound to 0.0.0.0:3031
2025-03-31 16:20:48.098 [14403] main/105/- memtx_engine.cc:286 I> recovery start
2025-03-31 16:20:48.098 [14403] main/105/- memtx_engine.cc:291 I> recovering from `/home/coffeek/tasks/VK/instances.enabled/kv/var/lib/kv/00000000000000000000.snap'
2025-03-31 16:20:48.118 [14403] main/105/- alter.cc:4163 I> replicaset uuid 6cc51c90-1e1c-4158-aa15-8c08ae47370b
2025-03-31 16:20:48.136 [14403] main/105/- replication.cc:564 I> assigned id 1 to replica f620d251-ef11-4e10-a662-a33b3f7ffe30
2025-03-31 16:20:48.136 [14403] main/105/- box.cc:2274 I> update replication_synchro_quorum = 1
2025-03-31 16:20:48.136 [14403] main/105/- recovery.cc:370 I> recover from `/home/coffeek/tasks/VK/instances.enabled/kv/var/lib/kv/00000000000000000000.xlog'
2025-03-31 16:20:48.137 [14403] main/105/- recovery.cc:159 I> done `/home/coffeek/tasks/VK/instances.enabled/kv/var/lib/kv/00000000000000000000.xlog'
2025-03-31 16:20:48.137 [14403] main/105/- recovery.cc:370 I> recover from `/home/coffeek/tasks/VK/instances.enabled/kv/var/lib/kv/00000000000000000002.xlog'
2025-03-31 16:20:48.137 [14403] main/105/- recovery.cc:159 I> done `/home/coffeek/tasks/VK/instances.enabled/kv/var/lib/kv/00000000000000000002.xlog'
2025-03-31 16:20:48.138 [14403] main/105/- box.cc:5936 I> ready to accept requests
2025-03-31 16:20:48.138 [14403] main/105/- box.cc:588 I> leaving orphan mode
2025-03-31 16:20:48.138 [14403] main/107/gc gc.c:319 I> wal/engine cleanup is resumed
2025-03-31 16:20:48.138 [14403] main/105/-/box.load_cfg load_cfg.lua:942 I> set 'log' configuration option to "text.log"
2025-03-31 16:20:48.138 [14403] main/105/-/box.load_cfg load_cfg.lua:942 I> set 'listen' configuration option to "3031"
2025-03-31 16:20:48.138 [14403] main/108/checkpoint_daemon gc.c:643 I> scheduled next checkpoint for Mon Mar 31 17:43:42 2025
2025-03-31 16:20:48.146 [14403] main/118/http/127.0.0.1:8080/socket socket.lua:1148 I> started
2025-03-31 16:20:48.146 [14403] main main.cc:1075 I> entering the event loop
2025-03-31 16:22:05.249 [14403] main/106/console/unix/:./tarantool.control/socket socket.lua:1168 I> stopped
2025-03-31 16:22:05.249 [14403] main/122/iproto.shutdown evio.c:516 I> tx_binary: stopped
2025-03-31 16:22:25.565 [15202] main/105/- main.cc:498 I> Tarantool 3.3.1-0-g91caac353f6 Linux-x86_64-RelWithDebInfo
2025-03-31 16:22:25.565 [15202] main/105/- main.cc:500 I> log level 5 (INFO)
2025-03-31 16:22:25.565 [15202] main/105/- gc.c:131 I> wal/engine cleanup is paused
2025-03-31 16:22:25.568 [15202] main/105/- tuple.c:411 I> mapping 268435456 bytes for memtx tuple arena...
2025-03-31 16:22:25.569 [15202] main/105/- memtx_engine.cc:1750 I> Actual slab_alloc_factor calculated on the basis of desired slab_alloc_factor = 1.044274
2025-03-31 16:22:25.569 [15202] main/105/- tuple.c:411 I> mapping 134217728 bytes for vinyl tuple arena...
2025-03-31 16:22:25.573 [15202] main/105/-/box.upgrade upgrade.lua:1591 I> Recovering snapshot with schema version 3.3.0
2025-03-31 16:22:25.595 [15202] main/105/- box.cc:2274 I> update replication_synchro_quorum = 1
2025-03-31 16:22:25.595 [15202] main/105/- box.cc:3329 I> The option replication_synchro_queue_max_size will actually take effect after the recovery is finished
2025-03-31 16:22:25.595 [15202] main/105/- box.cc:5524 I> instance uuid f620d251-ef11-4e10-a662-a33b3f7ffe30
2025-03-31 16:22:25.595 [15202] main/105/- box.cc:5553 I> instance vclock {1: 2}
2025-03-31 16:22:25.596 [15202] main/105/- evio.c:269 I> tx_binary: bound to 0.0.0.0:3031
2025-03-31 16:22:25.598 [15202] main/105/- memtx_engine.cc:286 I> recovery start
2025-03-31 16:22:25.599 [15202] main/105/- memtx_engine.cc:291 I> recovering from `/home/coffeek/tasks/VK/instances.enabled/kv/var/lib/kv/00000000000000000000.snap'
2025-03-31 16:22:25.625 [15202] main/105/- alter.cc:4163 I> replicaset uuid 6cc51c90-1e1c-4158-aa15-8c08ae47370b
2025-03-31 16:22:25.648 [15202] main/105/- replication.cc:564 I> assigned id 1 to replica f620d251-ef11-4e10-a662-a33b3f7ffe30
2025-03-31 16:22:25.649 [15202] main/105/- box.cc:2274 I> update replication_synchro_quorum = 1
2025-03-31 16:22:25.649 [15202] main/105/- recovery.cc:370 I> recover from `/home/coffeek/tasks/VK/instances.enabled/kv/var/lib/kv/00000000000000000000.xlog'
2025-03-31 16:22:25.650 [15202] main/105/- recovery.cc:159 I> done `/home/coffeek/tasks/VK/instances.enabled/kv/var/lib/kv/00000000000000000000.xlog'
2025-03-31 16:22:25.651 [15202] main/105/- recovery.cc:370 I> recover from `/home/coffeek/tasks/VK/instances.enabled/kv/var/lib/kv/00000000000000000002.xlog'
2025-03-31 16:22:25.651 [15202] main/105/- recovery.cc:159 I> done `/home/coffeek/tasks/VK/instances.enabled/kv/var/lib/kv/00000000000000000002.xlog'
2025-03-31 16:22:25.654 [15202] main/105/- box.cc:5936 I> ready to accept requests
2025-03-31 16:22:25.654 [15202] main/105/- box.cc:588 I> leaving orphan mode
2025-03-31 16:22:25.654 [15202] main/107/gc gc.c:319 I> wal/engine cleanup is resumed
2025-03-31 16:22:25.654 [15202] main/105/-/box.load_cfg load_cfg.lua:942 I> set 'log' configuration option to "text.log"
2025-03-31 16:22:25.654 [15202] main/105/-/box.load_cfg load_cfg.lua:942 I> set 'listen' configuration option to "3031"
2025-03-31 16:22:25.655 [15202] main/108/checkpoint_daemon gc.c:643 I> scheduled next checkpoint for Mon Mar 31 17:37:15 2025
2025-03-31 16:22:25.660 [15202] main/105/-/tarantool stdin:327 E> Failed to run instance: /home/coffeek/tasks/VK/instances.enabled/kv.lua, error: "/usr/share/lua/5.1/http/server.lua:290: missing 'onstream'"
2025-03-31 16:22:25.666 [15202] main/106/console/unix/:./tarantool.control/socket socket.lua:1168 I> stopped
2025-03-31 16:22:25.666 [15202] main/118/iproto.shutdown evio.c:516 I> tx_binary: stopped
2025-03-31 16:24:23.628 [16052] main/105/- main.cc:498 I> Tarantool 3.3.1-0-g91caac353f6 Linux-x86_64-RelWithDebInfo
2025-03-31 16:24:23.628 [16052] main/105/- main.cc:500 I> log level 5 (INFO)
2025-03-31 16:24:23.629 [16052] main/105/- gc.c:131 I> wal/engine cleanup is paused
2025-03-31 16:24:23.642 [16052] main/105/- tuple.c:411 I> mapping 268435456 bytes for memtx tuple arena...
2025-03-31 16:24:23.642 [16052] main/105/- memtx_engine.cc:1750 I> Actual slab_alloc_factor calculated on the basis of desired slab_alloc_factor = 1.044274
2025-03-31 16:24:23.642 [16052] main/105/- tuple.c:411 I> mapping 134217728 bytes for vinyl tuple arena...
2025-03-31 16:24:23.647 [16052] main/105/-/box.upgrade upgrade.lua:1591 I> Recovering snapshot with schema version 3.3.0
2025-03-31 16:24:23.675 [16052] main/105/- box.cc:2274 I> update replication_synchro_quorum = 1
2025-03-31 16:24:23.675 [16052] main/105/- box.cc:3329 I> The option replication_synchro_queue_max_size will actually take effect after the recovery is finished
2025-03-31 16:24:23.675 [16052] main/105/- box.cc:5524 I> instance uuid f620d251-ef11-4e10-a662-a33b3f7ffe30
2025-03-31 16:24:23.675 [16052] main/105/- box.cc:5553 I> instance vclock {1: 2}
2025-03-31 16:24:23.676 [16052] main/105/- evio.c:269 I> tx_binary: bound to 0.0.0.0:3031
2025-03-31 16:24:23.678 [16052] main/105/- memtx_engine.cc:286 I> recovery start
2025-03-31 16:24:23.678 [16052] main/105/- memtx_engine.cc:291 I> recovering from `/home/coffeek/tasks/VK/instances.enabled/kv/var/lib/kv/00000000000000000000.snap'
2025-03-31 16:24:23.698 [16052] main/105/- alter.cc:4163 I> replicaset uuid 6cc51c90-1e1c-4158-aa15-8c08ae47370b
2025-03-31 16:24:23.723 [16052] main/105/- replication.cc:564 I> assigned id 1 to replica f620d251-ef11-4e10-a662-a33b3f7ffe30
2025-03-31 16:24:23.723 [16052] main/105/- box.cc:2274 I> update replication_synchro_quorum = 1
2025-03-31 16:24:23.723 [16052] main/105/- recovery.cc:370 I> recover from `/home/coffeek/tasks/VK/instances.enabled/kv/var/lib/kv/00000000000000000000.xlog'
2025-03-31 16:24:23.724 [16052] main/105/- recovery.cc:159 I> done `/home/coffeek/tasks/VK/instances.enabled/kv/var/lib/kv/00000000000000000000.xlog'
2025-03-31 16:24:23.724 [16052] main/105/- recovery.cc:370 I> recover from `/home/coffeek/tasks/VK/instances.enabled/kv/var/lib/kv/00000000000000000002.xlog'
2025-03-31 16:24:23.724 [16052] main/105/- recovery.cc:159 I> done `/home/coffeek/tasks/VK/instances.enabled/kv/var/lib/kv/00000000000000000002.xlog'
2025-03-31 16:24:23.724 [16052] main/105/- box.cc:5936 I> ready to accept requests
2025-03-31 16:24:23.725 [16052] main/105/- box.cc:588 I> leaving orphan mode
2025-03-31 16:24:23.725 [16052] main/107/gc gc.c:319 I> wal/engine cleanup is resumed
2025-03-31 16:24:23.725 [16052] main/105/-/box.load_cfg load_cfg.lua:942 I> set 'log' configuration option to "text.log"
2025-03-31 16:24:23.725 [16052] main/105/-/box.load_cfg load_cfg.lua:942 I> set 'listen' configuration option to "3031"
2025-03-31 16:24:23.725 [16052] main/108/checkpoint_daemon gc.c:643 I> scheduled next checkpoint for Mon Mar 31 18:07:36 2025
2025-03-31 16:24:23.730 [16052] main/105/-/tarantool stdin:327 E> Failed to run instance: /home/coffeek/tasks/VK/instances.enabled/kv.lua, error: "/usr/share/lua/5.1/http/server.lua:290: missing 'onstream'"
2025-03-31 16:24:23.735 [16052] main/106/console/unix/:./tarantool.control/socket socket.lua:1168 I> stopped
2025-03-31 16:24:23.735 [16052] main/118/iproto.shutdown evio.c:516 I> tx_binary: stopped
2025-03-31 16:25:26.640 [16553] main/105/- main.cc:498 I> Tarantool 3.3.1-0-g91caac353f6 Linux-x86_64-RelWithDebInfo
2025-03-31 16:25:26.641 [16553] main/105/- main.cc:500 I> log level 5 (INFO)
2025-03-31 16:25:26.641 [16553] main/105/- gc.c:131 I> wal/engine cleanup is paused
2025-03-31 16:25:26.646 [16553] main/105/- tuple.c:411 I> mapping 268435456 bytes for memtx tuple arena...
2025-03-31 16:25:26.646 [16553] main/105/- memtx_engine.cc:1750 I> Actual slab_alloc_factor calculated on the basis of desired slab_alloc_factor = 1.044274
2025-03-31 16:25:26.646 [16553] main/105/- tuple.c:411 I> mapping 134217728 bytes for vinyl tuple arena...
2025-03-31 16:25:26.650 [16553] main/105/-/box.upgrade upgrade.lua:1591 I> Recovering snapshot with schema version 3.3.0
2025-03-31 16:25:26.664 [16553] main/105/- box.cc:2274 I> update replication_synchro_quorum = 1
2025-03-31 16:25:26.664 [16553] main/105/- box.cc:3329 I> The option replication_synchro_queue_max_size will actually take effect after the recovery is finished
2025-03-31 16:25:26.664 [16553] main/105/- box.cc:5524 I> instance uuid f620d251-ef11-4e10-a662-a33b3f7ffe30
2025-03-31 16:25:26.665 [16553] main/105/- box.cc:5553 I> instance vclock {1: 2}
2025-03-31 16:25:26.665 [16553] main/105/- evio.c:269 I> tx_binary: bound to 0.0.0.0:3031
2025-03-31 16:25:26.668 [16553] main/105/- memtx_engine.cc:286 I> recovery start
2025-03-31 16:25:26.668 [16553] main/105/- memtx_engine.cc:291 I> recovering from `/home/coffeek/tasks/VK/instances.enabled/kv/var/lib/kv/00000000000000000000.snap'
2025-03-31 16:25:26.684 [16553] main/105/- alter.cc:4163 I> replicaset uuid 6cc51c90-1e1c-4158-aa15-8c08ae47370b
2025-03-31 16:25:26.700 [16553] main/105/- replication.cc:564 I> assigned id 1 to replica f620d251-ef11-4e10-a662-a33b3f7ffe30
2025-03-31 16:25:26.700 [16553] main/105/- box.cc:2274 I> update replication_synchro_quorum = 1
2025-03-31 16:25:26.700 [16553] main/105/- recovery.cc:370 I> recover from `/home/coffeek/tasks/VK/instances.enabled/kv/var/lib/kv/00000000000000000000.xlog'
2025-03-31 16:25:26.700 [16553] main/105/- recovery.cc:159 I> done `/home/coffeek/tasks/VK/instances.enabled/kv/var/lib/kv/00000000000000000000.xlog'
2025-03-31 16:25:26.700 [16553] main/105/- recovery.cc:370 I> recover from `/home/coffeek/tasks/VK/instances.enabled/kv/var/lib/kv/00000000000000000002.xlog'
2025-03-31 16:25:26.700 [16553] main/105/- recovery.cc:159 I> done `/home/coffeek/tasks/VK/instances.enabled/kv/var/lib/kv/00000000000000000002.xlog'
2025-03-31 16:25:26.701 [16553] main/105/- box.cc:5936 I> ready to accept requests
2025-03-31 16:25:26.701 [16553] main/105/- box.cc:588 I> leaving orphan mode
2025-03-31 16:25:26.701 [16553] main/107/gc gc.c:319 I> wal/engine cleanup is resumed
2025-03-31 16:25:26.701 [16553] main/105/-/box.load_cfg load_cfg.lua:942 I> set 'log' configuration option to "text.log"
2025-03-31 16:25:26.701 [16553] main/105/-/box.load_cfg load_cfg.lua:942 I> set 'listen' configuration option to "3031"
2025-03-31 16:25:26.701 [16553] main/108/checkpoint_daemon gc.c:643 I> scheduled next checkpoint for Mon Mar 31 17:56:22 2025
2025-03-31 16:25:26.709 [16553] main/118/http/127.0.0.1:8080/socket socket.lua:1148 I> started
2025-03-31 16:25:26.709 [16553] main main.cc:1075 I> entering the event loop
2025-03-31 16:25:36.220 [16553] main/106/console/unix/:./tarantool.control/socket socket.lua:1168 I> stopped
2025-03-31 16:25:36.220 [16553] main/120/iproto.shutdown evio.c:516 I> tx_binary: stopped
